0 info it worked if it ends with ok
1 verbose cli [ '/usr/local/bin/node',
1 verbose cli   '/usr/local/bin/npm',
1 verbose cli   'install',
1 verbose cli   '[-g]',
1 verbose cli   'widdershins' ]
2 info using npm@4.0.5
3 info using node@v6.9.2
4 silly loadCurrentTree Starting
5 silly install loadCurrentTree
6 silly install readLocalPackageData
7 silly fetchPackageMetaData [-g]
8 silly fetchPackageMetaData widdershins
9 silly fetchOtherPackageData [-g]
10 silly cache add args [ '[-g]', null ]
11 verbose cache add spec [-g]
12 silly fetchNamedPackageData widdershins
13 silly mapToRegistry name widdershins
14 silly mapToRegistry using default registry
15 silly mapToRegistry registry https://registry.npmjs.org/
16 silly mapToRegistry data Result {
16 silly mapToRegistry   raw: 'widdershins',
16 silly mapToRegistry   scope: null,
16 silly mapToRegistry   escapedName: 'widdershins',
16 silly mapToRegistry   name: 'widdershins',
16 silly mapToRegistry   rawSpec: '',
16 silly mapToRegistry   spec: 'latest',
16 silly mapToRegistry   type: 'tag' }
17 silly mapToRegistry uri https://registry.npmjs.org/widdershins
18 silly cache add parsed spec Result {
18 silly cache add   raw: '[-g]',
18 silly cache add   scope: null,
18 silly cache add   escapedName: null,
18 silly cache add   name: null,
18 silly cache add   rawSpec: '[-g]',
18 silly cache add   spec: '/Users/jameswood/Documents/Movem/slate/[-g]',
18 silly cache add   type: 'local' }
19 error addLocal Could not install /Users/jameswood/Documents/Movem/slate/[-g]
20 silly fetchPackageMetaData Error: ENOENT: no such file or directory, open '/Users/jameswood/Documents/Movem/slate/[-g]'
20 silly fetchPackageMetaData     at Error (native)
20 silly fetchPackageMetaData  error for [-g] { Error: ENOENT: no such file or directory, open '/Users/jameswood/Documents/Movem/slate/[-g]'
20 silly fetchPackageMetaData     at Error (native)
20 silly fetchPackageMetaData   errno: -2,
20 silly fetchPackageMetaData   code: 'ENOENT',
20 silly fetchPackageMetaData   syscall: 'open',
20 silly fetchPackageMetaData   path: '/Users/jameswood/Documents/Movem/slate/[-g]' }
21 verbose request uri https://registry.npmjs.org/widdershins
22 verbose request no auth needed
23 info attempt registry request try #1 at 9:29:41 AM
24 verbose request id 1b7336eef59b1de9
25 http request GET https://registry.npmjs.org/widdershins
26 http 200 https://registry.npmjs.org/widdershins
27 verbose headers { date: 'Fri, 17 Aug 2018 08:29:42 GMT',
27 verbose headers   'content-type': 'application/json; charset=UTF-8',
27 verbose headers   'transfer-encoding': 'chunked',
27 verbose headers   connection: 'keep-alive',
27 verbose headers   'set-cookie': [ '__cfduid=db63fd0e7207dc9dab02249697ed504cd1534494581; expires=Sat, 17-Aug-19 08:29:41 GMT; path=/; domain=.registry.npmjs.org; HttpOnly' ],
27 verbose headers   'cf-cache-status': 'REVALIDATED',
27 verbose headers   'cache-control': 'max-age=300',
27 verbose headers   'cf-ray': '44bac640acce6b6d-LHR',
27 verbose headers   etag: 'W/"8e3ff3c542d1b7ca505a4be796404de0"',
27 verbose headers   'expect-ct': 'max-age=604800, report-uri="https://report-uri.cloudflare.com/cdn-cgi/beacon/expect-ct"',
27 verbose headers   'last-modified': 'Wed, 27 Jun 2018 13:11:57 GMT',
27 verbose headers   vary: 'accept-encoding, accept',
27 verbose headers   server: 'cloudflare',
27 verbose headers   'content-encoding': 'gzip' }
28 silly get cb [ 200,
28 silly get   { date: 'Fri, 17 Aug 2018 08:29:42 GMT',
28 silly get     'content-type': 'application/json; charset=UTF-8',
28 silly get     'transfer-encoding': 'chunked',
28 silly get     connection: 'keep-alive',
28 silly get     'set-cookie': [ '__cfduid=db63fd0e7207dc9dab02249697ed504cd1534494581; expires=Sat, 17-Aug-19 08:29:41 GMT; path=/; domain=.registry.npmjs.org; HttpOnly' ],
28 silly get     'cf-cache-status': 'REVALIDATED',
28 silly get     'cache-control': 'max-age=300',
28 silly get     'cf-ray': '44bac640acce6b6d-LHR',
28 silly get     etag: 'W/"8e3ff3c542d1b7ca505a4be796404de0"',
28 silly get     'expect-ct': 'max-age=604800, report-uri="https://report-uri.cloudflare.com/cdn-cgi/beacon/expect-ct"',
28 silly get     'last-modified': 'Wed, 27 Jun 2018 13:11:57 GMT',
28 silly get     vary: 'accept-encoding, accept',
28 silly get     server: 'cloudflare',
28 silly get     'content-encoding': 'gzip' } ]
29 verbose get saving widdershins to /Users/jameswood/.npm/registry.npmjs.org/widdershins/.cache.json
30 verbose correctMkdir /Users/jameswood/.npm correctMkdir not in flight; initializing
31 silly rollbackFailedOptional Starting
32 silly rollbackFailedOptional Finishing
33 silly runTopLevelLifecycles Finishing
34 silly install printInstalled
35 verbose stack Error: ENOENT: no such file or directory, open '/Users/jameswood/Documents/Movem/slate/[-g]'
35 verbose stack     at Error (native)
36 verbose cwd /Users/jameswood/Documents/Movem/slate
37 error Darwin 17.7.0
38 error argv "/usr/local/bin/node" "/usr/local/bin/npm" "install" "[-g]" "widdershins"
39 error node v6.9.2
40 error npm  v4.0.5
41 error path /Users/jameswood/Documents/Movem/slate/[-g]
42 error code ENOENT
43 error errno -2
44 error syscall open
45 error enoent ENOENT: no such file or directory, open '/Users/jameswood/Documents/Movem/slate/[-g]'
46 error enoent ENOENT: no such file or directory, open '/Users/jameswood/Documents/Movem/slate/[-g]'
46 error enoent This is most likely not a problem with npm itself
46 error enoent and is related to npm not being able to find a file.
47 verbose exit [ -2, true ]
